<?xml version="1.0" encoding="UTF-8"?>
<robot generator="Robot 6.1.1 (Python 3.13.0 on darwin)" generated="20241119 22:45:05.542" rpa="false" schemaversion="4">
<suite id="s1" name="Tests" source="/Users/niko/Documents/dev/python/redesigned-bassoon/osa3/login-robot/src/tests">
<suite id="s1-s1" name="Login" source="/Users/niko/Documents/dev/python/redesigned-bassoon/osa3/login-robot/src/tests/login.robot">
<test id="s1-s1-t1" name="Login With Correct Credentials" line="6">
<kw name="Create User And Input Login Command" type="SETUP">
<kw name="Create User" library="AppLibrary">
<arg>kalle</arg>
<arg>kalle1234</arg>
<status status="PASS" starttime="20241119 22:45:05.555" endtime="20241119 22:45:05.555"/>
</kw>
<kw name="Input Login Command" library="resource">
<kw name="Input" library="AppLibrary">
<arg>login</arg>
<status status="PASS" starttime="20241119 22:45:05.555" endtime="20241119 22:45:05.555"/>
</kw>
<status status="PASS" starttime="20241119 22:45:05.555" endtime="20241119 22:45:05.555"/>
</kw>
<status status="PASS" starttime="20241119 22:45:05.555" endtime="20241119 22:45:05.555"/>
</kw>
<kw name="Input Credentials" library="resource">
<arg>kalle</arg>
<arg>kalle1234</arg>
<kw name="Input" library="AppLibrary">
<arg>${username}</arg>
<status status="PASS" starttime="20241119 22:45:05.555" endtime="20241119 22:45:05.555"/>
</kw>
<kw name="Input" library="AppLibrary">
<arg>${password}</arg>
<status status="PASS" starttime="20241119 22:45:05.555" endtime="20241119 22:45:05.555"/>
</kw>
<kw name="Run Application" library="AppLibrary">
<status status="PASS" starttime="20241119 22:45:05.555" endtime="20241119 22:45:05.555"/>
</kw>
<status status="PASS" starttime="20241119 22:45:05.555" endtime="20241119 22:45:05.555"/>
</kw>
<kw name="Output Should Contain" library="AppLibrary">
<arg>Logged in</arg>
<status status="PASS" starttime="20241119 22:45:05.555" endtime="20241119 22:45:05.555"/>
</kw>
<status status="PASS" starttime="20241119 22:45:05.554" endtime="20241119 22:45:05.555"/>
</test>
<test id="s1-s1-t2" name="Login With Incorrect Password" line="10">
<kw name="Create User And Input Login Command" type="SETUP">
<kw name="Create User" library="AppLibrary">
<arg>kalle</arg>
<arg>kalle1234</arg>
<status status="PASS" starttime="20241119 22:45:05.556" endtime="20241119 22:45:05.556"/>
</kw>
<kw name="Input Login Command" library="resource">
<kw name="Input" library="AppLibrary">
<arg>login</arg>
<status status="PASS" starttime="20241119 22:45:05.556" endtime="20241119 22:45:05.556"/>
</kw>
<status status="PASS" starttime="20241119 22:45:05.556" endtime="20241119 22:45:05.556"/>
</kw>
<status status="PASS" starttime="20241119 22:45:05.556" endtime="20241119 22:45:05.556"/>
</kw>
<kw name="Input Credentials" library="resource">
<arg>kalle</arg>
<arg>kalle11144</arg>
<kw name="Input" library="AppLibrary">
<arg>${username}</arg>
<status status="PASS" starttime="20241119 22:45:05.556" endtime="20241119 22:45:05.556"/>
</kw>
<kw name="Input" library="AppLibrary">
<arg>${password}</arg>
<status status="PASS" starttime="20241119 22:45:05.556" endtime="20241119 22:45:05.556"/>
</kw>
<kw name="Run Application" library="AppLibrary">
<status status="PASS" starttime="20241119 22:45:05.556" endtime="20241119 22:45:05.556"/>
</kw>
<status status="PASS" starttime="20241119 22:45:05.556" endtime="20241119 22:45:05.556"/>
</kw>
<kw name="Output Should Contain" library="AppLibrary">
<arg>Invalid username or password</arg>
<status status="PASS" starttime="20241119 22:45:05.556" endtime="20241119 22:45:05.556"/>
</kw>
<status status="PASS" starttime="20241119 22:45:05.556" endtime="20241119 22:45:05.556"/>
</test>
<test id="s1-s1-t3" name="Login With Nonexistent Username" line="14">
<kw name="Create User And Input Login Command" type="SETUP">
<kw name="Create User" library="AppLibrary">
<arg>kalle</arg>
<arg>kalle1234</arg>
<status status="PASS" starttime="20241119 22:45:05.556" endtime="20241119 22:45:05.557"/>
</kw>
<kw name="Input Login Command" library="resource">
<kw name="Input" library="AppLibrary">
<arg>login</arg>
<status status="PASS" starttime="20241119 22:45:05.557" endtime="20241119 22:45:05.557"/>
</kw>
<status status="PASS" starttime="20241119 22:45:05.557" endtime="20241119 22:45:05.557"/>
</kw>
<status status="PASS" starttime="20241119 22:45:05.556" endtime="20241119 22:45:05.557"/>
</kw>
<kw name="Input Credentials" library="resource">
<arg>pena</arg>
<arg>pean12345</arg>
<kw name="Input" library="AppLibrary">
<arg>${username}</arg>
<status status="PASS" starttime="20241119 22:45:05.557" endtime="20241119 22:45:05.557"/>
</kw>
<kw name="Input" library="AppLibrary">
<arg>${password}</arg>
<status status="PASS" starttime="20241119 22:45:05.557" endtime="20241119 22:45:05.557"/>
</kw>
<kw name="Run Application" library="AppLibrary">
<status status="PASS" starttime="20241119 22:45:05.557" endtime="20241119 22:45:05.557"/>
</kw>
<status status="PASS" starttime="20241119 22:45:05.557" endtime="20241119 22:45:05.557"/>
</kw>
<kw name="Output Should Contain" library="AppLibrary">
<arg>Invalid username or password</arg>
<status status="PASS" starttime="20241119 22:45:05.557" endtime="20241119 22:45:05.557"/>
</kw>
<status status="PASS" starttime="20241119 22:45:05.556" endtime="20241119 22:45:05.557"/>
</test>
<status status="PASS" starttime="20241119 22:45:05.551" endtime="20241119 22:45:05.557"/>
</suite>
<suite id="s1-s2" name="Register" source="/Users/niko/Documents/dev/python/redesigned-bassoon/osa3/login-robot/src/tests/register.robot">
<test id="s1-s2-t1" name="Register With Valid Username And Password" line="6">
<kw name="Create User And Something" type="SETUP">
<kw name="Create User" library="AppLibrary">
<arg>kalle</arg>
<arg>kalle1234</arg>
<status status="PASS" starttime="20241119 22:45:05.558" endtime="20241119 22:45:05.558"/>
</kw>
<kw name="Input New Command" library="resource">
<kw name="Input" library="AppLibrary">
<arg>new</arg>
<status status="PASS" starttime="20241119 22:45:05.558" endtime="20241119 22:45:05.558"/>
</kw>
<status status="PASS" starttime="20241119 22:45:05.558" endtime="20241119 22:45:05.558"/>
</kw>
<status status="PASS" starttime="20241119 22:45:05.558" endtime="20241119 22:45:05.558"/>
</kw>
<kw name="Input New User" library="resource">
<arg>niko</arg>
<arg>niko1234</arg>
<kw name="Input" library="AppLibrary">
<arg>${username}</arg>
<status status="PASS" starttime="20241119 22:45:05.559" endtime="20241119 22:45:05.559"/>
</kw>
<kw name="Input" library="AppLibrary">
<arg>${password}</arg>
<status status="PASS" starttime="20241119 22:45:05.559" endtime="20241119 22:45:05.559"/>
</kw>
<kw name="Run Application" library="AppLibrary">
<status status="PASS" starttime="20241119 22:45:05.559" endtime="20241119 22:45:05.559"/>
</kw>
<status status="PASS" starttime="20241119 22:45:05.558" endtime="20241119 22:45:05.559"/>
</kw>
<kw name="Output Should Contain" library="AppLibrary">
<arg>New user registered</arg>
<status status="PASS" starttime="20241119 22:45:05.559" endtime="20241119 22:45:05.559"/>
</kw>
<status status="PASS" starttime="20241119 22:45:05.558" endtime="20241119 22:45:05.559"/>
</test>
<test id="s1-s2-t2" name="Register With Already Taken Username And Valid Password" line="10">
<kw name="Create User And Something" type="SETUP">
<kw name="Create User" library="AppLibrary">
<arg>kalle</arg>
<arg>kalle1234</arg>
<status status="PASS" starttime="20241119 22:45:05.559" endtime="20241119 22:45:05.559"/>
</kw>
<kw name="Input New Command" library="resource">
<kw name="Input" library="AppLibrary">
<arg>new</arg>
<status status="PASS" starttime="20241119 22:45:05.559" endtime="20241119 22:45:05.559"/>
</kw>
<status status="PASS" starttime="20241119 22:45:05.559" endtime="20241119 22:45:05.559"/>
</kw>
<status status="PASS" starttime="20241119 22:45:05.559" endtime="20241119 22:45:05.559"/>
</kw>
<kw name="Input New User" library="resource">
<arg>kalle</arg>
<arg>kalle1234</arg>
<kw name="Input" library="AppLibrary">
<arg>${username}</arg>
<status status="PASS" starttime="20241119 22:45:05.559" endtime="20241119 22:45:05.559"/>
</kw>
<kw name="Input" library="AppLibrary">
<arg>${password}</arg>
<status status="PASS" starttime="20241119 22:45:05.559" endtime="20241119 22:45:05.559"/>
</kw>
<kw name="Run Application" library="AppLibrary">
<status status="PASS" starttime="20241119 22:45:05.559" endtime="20241119 22:45:05.559"/>
</kw>
<status status="PASS" starttime="20241119 22:45:05.559" endtime="20241119 22:45:05.559"/>
</kw>
<kw name="Output Should Contain" library="AppLibrary">
<arg>User with username kalle already exists</arg>
<status status="PASS" starttime="20241119 22:45:05.560" endtime="20241119 22:45:05.560"/>
</kw>
<status status="PASS" starttime="20241119 22:45:05.559" endtime="20241119 22:45:05.560"/>
</test>
<test id="s1-s2-t3" name="Register With Too Short Username And Valid Password" line="14">
<kw name="Create User And Something" type="SETUP">
<kw name="Create User" library="AppLibrary">
<arg>kalle</arg>
<arg>kalle1234</arg>
<status status="PASS" starttime="20241119 22:45:05.560" endtime="20241119 22:45:05.560"/>
</kw>
<kw name="Input New Command" library="resource">
<kw name="Input" library="AppLibrary">
<arg>new</arg>
<status status="PASS" starttime="20241119 22:45:05.560" endtime="20241119 22:45:05.560"/>
</kw>
<status status="PASS" starttime="20241119 22:45:05.560" endtime="20241119 22:45:05.560"/>
</kw>
<status status="PASS" starttime="20241119 22:45:05.560" endtime="20241119 22:45:05.560"/>
</kw>
<kw name="Input New User" library="resource">
<arg>ni</arg>
<arg>niko1234</arg>
<kw name="Input" library="AppLibrary">
<arg>${username}</arg>
<status status="PASS" starttime="20241119 22:45:05.560" endtime="20241119 22:45:05.560"/>
</kw>
<kw name="Input" library="AppLibrary">
<arg>${password}</arg>
<status status="PASS" starttime="20241119 22:45:05.560" endtime="20241119 22:45:05.560"/>
</kw>
<kw name="Run Application" library="AppLibrary">
<status status="PASS" starttime="20241119 22:45:05.560" endtime="20241119 22:45:05.560"/>
</kw>
<status status="PASS" starttime="20241119 22:45:05.560" endtime="20241119 22:45:05.560"/>
</kw>
<kw name="Output Should Contain" library="AppLibrary">
<arg>Invalid username</arg>
<status status="PASS" starttime="20241119 22:45:05.560" endtime="20241119 22:45:05.560"/>
</kw>
<status status="PASS" starttime="20241119 22:45:05.560" endtime="20241119 22:45:05.560"/>
</test>
<test id="s1-s2-t4" name="Register With Enough Long But Invalid Username And Valid Password" line="19">
<kw name="Create User And Something" type="SETUP">
<kw name="Create User" library="AppLibrary">
<arg>kalle</arg>
<arg>kalle1234</arg>
<status status="PASS" starttime="20241119 22:45:05.561" endtime="20241119 22:45:05.561"/>
</kw>
<kw name="Input New Command" library="resource">
<kw name="Input" library="AppLibrary">
<arg>new</arg>
<status status="PASS" starttime="20241119 22:45:05.561" endtime="20241119 22:45:05.561"/>
</kw>
<status status="PASS" starttime="20241119 22:45:05.561" endtime="20241119 22:45:05.561"/>
</kw>
<status status="PASS" starttime="20241119 22:45:05.560" endtime="20241119 22:45:05.561"/>
</kw>
<kw name="Input New User" library="resource">
<arg>niko1234</arg>
<arg>niko1234</arg>
<kw name="Input" library="AppLibrary">
<arg>${username}</arg>
<status status="PASS" starttime="20241119 22:45:05.561" endtime="20241119 22:45:05.561"/>
</kw>
<kw name="Input" library="AppLibrary">
<arg>${password}</arg>
<status status="PASS" starttime="20241119 22:45:05.561" endtime="20241119 22:45:05.561"/>
</kw>
<kw name="Run Application" library="AppLibrary">
<status status="PASS" starttime="20241119 22:45:05.561" endtime="20241119 22:45:05.561"/>
</kw>
<status status="PASS" starttime="20241119 22:45:05.561" endtime="20241119 22:45:05.561"/>
</kw>
<kw name="Output Should Contain" library="AppLibrary">
<arg>Invalid username</arg>
<status status="PASS" starttime="20241119 22:45:05.561" endtime="20241119 22:45:05.561"/>
</kw>
<status status="PASS" starttime="20241119 22:45:05.560" endtime="20241119 22:45:05.561"/>
</test>
<test id="s1-s2-t5" name="Register With Valid Username And Too Short Password" line="23">
<kw name="Create User And Something" type="SETUP">
<kw name="Create User" library="AppLibrary">
<arg>kalle</arg>
<arg>kalle1234</arg>
<status status="PASS" starttime="20241119 22:45:05.561" endtime="20241119 22:45:05.561"/>
</kw>
<kw name="Input New Command" library="resource">
<kw name="Input" library="AppLibrary">
<arg>new</arg>
<status status="PASS" starttime="20241119 22:45:05.561" endtime="20241119 22:45:05.561"/>
</kw>
<status status="PASS" starttime="20241119 22:45:05.561" endtime="20241119 22:45:05.561"/>
</kw>
<status status="PASS" starttime="20241119 22:45:05.561" endtime="20241119 22:45:05.561"/>
</kw>
<kw name="Input New User" library="resource">
<arg>pena</arg>
<arg>niko12</arg>
<kw name="Input" library="AppLibrary">
<arg>${username}</arg>
<status status="PASS" starttime="20241119 22:45:05.561" endtime="20241119 22:45:05.562"/>
</kw>
<kw name="Input" library="AppLibrary">
<arg>${password}</arg>
<status status="PASS" starttime="20241119 22:45:05.562" endtime="20241119 22:45:05.562"/>
</kw>
<kw name="Run Application" library="AppLibrary">
<status status="PASS" starttime="20241119 22:45:05.562" endtime="20241119 22:45:05.562"/>
</kw>
<status status="PASS" starttime="20241119 22:45:05.561" endtime="20241119 22:45:05.562"/>
</kw>
<kw name="Output Should Contain" library="AppLibrary">
<arg>Invalid password</arg>
<status status="PASS" starttime="20241119 22:45:05.562" endtime="20241119 22:45:05.562"/>
</kw>
<status status="PASS" starttime="20241119 22:45:05.561" endtime="20241119 22:45:05.562"/>
</test>
<test id="s1-s2-t6" name="Register With Valid Username And Long Enough Password Containing Only Letters" line="27">
<kw name="Create User And Something" type="SETUP">
<kw name="Create User" library="AppLibrary">
<arg>kalle</arg>
<arg>kalle1234</arg>
<status status="PASS" starttime="20241119 22:45:05.562" endtime="20241119 22:45:05.562"/>
</kw>
<kw name="Input New Command" library="resource">
<kw name="Input" library="AppLibrary">
<arg>new</arg>
<status status="PASS" starttime="20241119 22:45:05.562" endtime="20241119 22:45:05.562"/>
</kw>
<status status="PASS" starttime="20241119 22:45:05.562" endtime="20241119 22:45:05.562"/>
</kw>
<status status="PASS" starttime="20241119 22:45:05.562" endtime="20241119 22:45:05.562"/>
</kw>
<kw name="Input New User" library="resource">
<arg>pena</arg>
<arg>nikoniko</arg>
<kw name="Input" library="AppLibrary">
<arg>${username}</arg>
<status status="PASS" starttime="20241119 22:45:05.562" endtime="20241119 22:45:05.562"/>
</kw>
<kw name="Input" library="AppLibrary">
<arg>${password}</arg>
<status status="PASS" starttime="20241119 22:45:05.562" endtime="20241119 22:45:05.562"/>
</kw>
<kw name="Run Application" library="AppLibrary">
<status status="PASS" starttime="20241119 22:45:05.562" endtime="20241119 22:45:05.562"/>
</kw>
<status status="PASS" starttime="20241119 22:45:05.562" endtime="20241119 22:45:05.562"/>
</kw>
<kw name="Output Should Contain" library="AppLibrary">
<arg>Invalid password</arg>
<status status="PASS" starttime="20241119 22:45:05.562" endtime="20241119 22:45:05.562"/>
</kw>
<status status="PASS" starttime="20241119 22:45:05.562" endtime="20241119 22:45:05.562"/>
</test>
<status status="PASS" starttime="20241119 22:45:05.557" endtime="20241119 22:45:05.563"/>
</suite>
<status status="PASS" starttime="20241119 22:45:05.543" endtime="20241119 22:45:05.563"/>
</suite>
<statistics>
<total>
<stat pass="9" fail="0" skip="0">All Tests</stat>
</total>
<tag>
</tag>
<suite>
<stat pass="9" fail="0" skip="0" id="s1" name="Tests">Tests</stat>
<stat pass="3" fail="0" skip="0" id="s1-s1" name="Login">Tests.Login</stat>
<stat pass="6" fail="0" skip="0" id="s1-s2" name="Register">Tests.Register</stat>
</suite>
</statistics>
<errors>
</errors>
</robot>
